TRACE [2019-01-17 16:48:08] Logging to /Users/Thomas/Google Drive/chinese_ideophone_database/CHIDEOR/inst/extdata/Logfiles/processing.log
TRACE [2019-01-17 16:48:08] Processing data
TRACE [2019-01-17 16:48:08] Reading yaml configuration
TRACE [2019-01-17 16:48:08] Found /Users/Thomas/Google Drive/chinese_ideophone_database/CHIDEOR/data-raw/chinese_database.Rmd
TRACE [2019-01-17 16:48:08] Processing 1 of 1: /Users/Thomas/Google Drive/chinese_ideophone_database/CHIDEOR/data-raw/chinese_database.Rmd

TRACE [2019-01-17 16:48:09] 1 data set(s) created by chinese_database.Rmd
TRACE [2019-01-17 16:48:09] NEWS.md file not found, creating!
TRACE [2019-01-17 16:48:09] NEWS.md file found, updating!
TRACE [2019-01-17 16:48:09] Saving to data
TRACE [2019-01-17 16:48:09] Copied documentation to /Users/Thomas/Google Drive/chinese_ideophone_database/CHIDEOR/R/CHIDEOR.R
TRACE [2019-01-17 16:48:09] Done
TRACE [2019-01-17 16:48:09] DataPackageR succeeded
TRACE [2019-01-17 16:48:09] Building documentation
TRACE [2019-01-17 16:48:12] Building package
TRACE [2019-01-17 16:50:22] Rebuilding data package documentation.
TRACE [2019-01-17 16:50:32] Logging to /Users/Thomas/Google Drive/chinese_ideophone_database/CHIDEOR/inst/extdata/Logfiles/processing.log
TRACE [2019-01-17 16:50:32] Processing data
TRACE [2019-01-17 16:50:32] Reading yaml configuration
TRACE [2019-01-17 16:50:32] Found /Users/Thomas/Google Drive/chinese_ideophone_database/CHIDEOR/data-raw/chinese_database.Rmd
TRACE [2019-01-17 16:50:32] Processing 1 of 1: /Users/Thomas/Google Drive/chinese_ideophone_database/CHIDEOR/data-raw/chinese_database.Rmd

TRACE [2019-01-17 16:50:32] 1 data set(s) created by chinese_database.Rmd
TRACE [2019-01-17 16:50:32] NEWS.md file found, updating!
TRACE [2019-01-17 16:50:32] Processed data sets match existing data sets at version 0.1.0
TRACE [2019-01-17 16:50:32] Saving to data
TRACE [2019-01-17 16:50:32] Copied documentation to /Users/Thomas/Google Drive/chinese_ideophone_database/CHIDEOR/R/CHIDEOR.R
TRACE [2019-01-17 16:50:33] Done
TRACE [2019-01-17 16:50:33] DataPackageR succeeded
TRACE [2019-01-17 16:50:33] Building documentation
TRACE [2019-01-17 16:50:35] Building package
